{
  "RSpec": {
    "coverage": {
      "/home/placid-monitor-4191/tic-tac-toe-rb-online-web-sp-000/lib/tic_tac_toe.rb": [
        1,
        14,
        14,
        14,
        14,
        14,
        null,
        null,
        1,
        13,
        null,
        1,
        0,
        null,
        null,
        null,
        1,
        17,
        14,
        null,
        3,
        null,
        null,
        null,
        null,
        null,
        1,
        13,
        10,
        3,
        null,
        null,
        null,
        1,
        12,
        null,
        null,
        1,
        13,
        13,
        10,
        10,
        9,
        9,
        9,
        null,
        1,
        null,
        null,
        null,
        null,
        1,
        11,
        11,
        99,
        5,
        null,
        null,
        11,
        null,
        null,
        null,
        1,
        10,
        10,
        10,
        0,
        null,
        null,
        null,
        null,
        1,
        null,
        null,
        null,
        null,
        null,
        null,
        null,
        null,
        null,
        null,
        null,
        null,
        null,
        1,
        34,
        239,
        239,
        239,
        null,
        239,
        239,
        239,
        null,
        239,
        8,
        231,
        2,
        null,
        null,
        24,
        null,
        null,
        1,
        174,
        13,
        14,
        null,
        null,
        null,
        null,
        1,
        21,
        8,
        null,
        13,
        null,
        null,
        null,
        null,
        1,
        11,
        0,
        11,
        4,
        7,
        3,
        4,
        null,
        null,
        null,
        null,
        1,
        3,
        3,
        null,
        null,
        2,
        1,
        null,
        1,
        null,
        null,
        null,
        null,
        1,
        12,
        12,
        null,
        null,
        null,
        null,
        null
      ]
    },
    "timestamp": 1569613383
  }
}
