{
  "RSpec": {
    "coverage": {
      "/home/placid-monitor-4191/tic-tac-toe-rb-online-web-sp-000/lib/tic_tac_toe.rb": [
        1,
        23,
        23,
        23,
        23,
        23,
        null,
        null,
        1,
        22,
        null,
        1,
        0,
        null,
        null,
        null,
        1,
        26,
        23,
        null,
        3,
        null,
        null,
        null,
        null,
        null,
        1,
        22,
        19,
        3,
        null,
        null,
        null,
        1,
        21,
        null,
        null,
        1,
        19,
        19,
        19,
        19,
        18,
        18,
        18,
        null,
        1,
        null,
        null,
        null,
        null,
        1,
        20,
        20,
        180,
        30,
        null,
        null,
        20,
        null,
        null,
        null,
        1,
        19,
        19,
        14,
        5,
        null,
        null,
        null,
        null,
        1,
        null,
        null,
        null,
        null,
        null,
        null,
        null,
        null,
        null,
        null,
        null,
        null,
        null,
        1,
        50,
        367,
        367,
        367,
        null,
        367,
        367,
        367,
        null,
        367,
        9,
        358,
        2,
        null,
        null,
        39,
        null,
        null,
        1,
        264,
        13,
        30,
        null,
        null,
        null,
        null,
        1,
        35,
        8,
        null,
        27,
        null,
        null,
        null,
        null,
        1,
        20,
        0,
        20,
        6,
        14,
        4,
        10,
        null,
        null,
        null,
        null,
        1,
        3,
        3,
        null,
        null,
        2,
        1,
        null,
        1,
        null,
        null,
        null,
        null,
        1,
        12,
        16,
        null,
        null,
        null,
        null,
        null,
        null
      ]
    },
    "timestamp": 1569613701
  }
}
